[debug] [2025-02-04T07:04:25.618Z] ----------------------------------------------------------------------
[debug] [2025-02-04T07:04:25.621Z] Command:       C:\Program Files\nodejs\node.exe C:\Users\loganathan\AppData\Roaming\npm\node_modules\firebase-tools\lib\bin\firebase.js init
[debug] [2025-02-04T07:04:25.621Z] CLI Version:   13.29.3
[debug] [2025-02-04T07:04:25.621Z] Platform:      win32
[debug] [2025-02-04T07:04:25.621Z] Node Version:  v20.18.0
[debug] [2025-02-04T07:04:25.621Z] Time:          Tue Feb 04 2025 12:34:25 GMT+0530 (India Standard Time)
[debug] [2025-02-04T07:04:25.621Z] ----------------------------------------------------------------------
[debug] 
[debug] [2025-02-04T07:04:25.629Z] > command requires scopes: ["email","openid","https://www.googleapis.com/auth/cloudplatformprojects.readonly","https://www.googleapis.com/auth/firebase","https://www.googleapis.com/auth/cloud-platform"]
[debug] [2025-02-04T07:04:25.629Z] > authorizing via signed-in user (tloganathan0008@gmail.com)
[info] 
     ######## #### ########  ######## ########     ###     ######  ########
     ##        ##  ##     ## ##       ##     ##  ##   ##  ##       ##
     ######    ##  ########  ######   ########  #########  ######  ######
     ##        ##  ##    ##  ##       ##     ## ##     ##       ## ##
     ##       #### ##     ## ######## ########  ##     ##  ######  ########

You're about to initialize a Firebase project in this directory:

  C:\Users\loganathan\AndroidStudioProjects\assistant

[info] 
=== Project Setup
[info] 
[info] First, let's associate this project directory with a Firebase project.
[info] You can create multiple project aliases by running firebase use --add, 
[info] but for now we'll just set up a default project.
[info] 
[debug] [2025-02-04T07:11:08.180Z] Checked if tokens are valid: true, expires at: 1738655808558
[debug] [2025-02-04T07:11:08.181Z] Checked if tokens are valid: true, expires at: 1738655808558
[debug] [2025-02-04T07:11:08.183Z] >>> [apiv2][query] GET https://firebase.googleapis.com/v1beta1/projects pageSize=100
[debug] [2025-02-04T07:11:08.924Z] <<< [apiv2][status] GET https://firebase.googleapis.com/v1beta1/projects 200
[debug] [2025-02-04T07:11:08.924Z] <<< [apiv2][body] GET https://firebase.googleapis.com/v1beta1/projects [omitted]
[info] i  Using project otp1-69745 (otp1) 
[info] 
=== Functions Setup
[debug] [2025-02-04T07:12:21.025Z] > command requires scopes: ["email","openid","https://www.googleapis.com/auth/cloudplatformprojects.readonly","https://www.googleapis.com/auth/firebase","https://www.googleapis.com/auth/cloud-platform"]
[debug] [2025-02-04T07:12:21.025Z] > authorizing via signed-in user (tloganathan0008@gmail.com)
[debug] [2025-02-04T07:12:21.025Z] [iam] checking project otp1-69745 for permissions ["firebase.projects.get"]
[debug] [2025-02-04T07:12:21.025Z] Checked if tokens are valid: true, expires at: 1738655808558
[debug] [2025-02-04T07:12:21.025Z] Checked if tokens are valid: true, expires at: 1738655808558
[debug] [2025-02-04T07:12:21.026Z] >>> [apiv2][query] POST https://cloudresourcemanager.googleapis.com/v1/projects/otp1-69745:testIamPermissions [none]
[debug] [2025-02-04T07:12:21.026Z] >>> [apiv2][(partial)header] POST https://cloudresourcemanager.googleapis.com/v1/projects/otp1-69745:testIamPermissions x-goog-quota-user=projects/otp1-69745
[debug] [2025-02-04T07:12:21.026Z] >>> [apiv2][body] POST https://cloudresourcemanager.googleapis.com/v1/projects/otp1-69745:testIamPermissions {"permissions":["firebase.projects.get"]}
[debug] [2025-02-04T07:12:22.555Z] <<< [apiv2][status] POST https://cloudresourcemanager.googleapis.com/v1/projects/otp1-69745:testIamPermissions 200
[debug] [2025-02-04T07:12:22.555Z] <<< [apiv2][body] POST https://cloudresourcemanager.googleapis.com/v1/projects/otp1-69745:testIamPermissions {"permissions":["firebase.projects.get"]}
[debug] [2025-02-04T07:12:22.556Z] Checked if tokens are valid: true, expires at: 1738655808558
[debug] [2025-02-04T07:12:22.556Z] Checked if tokens are valid: true, expires at: 1738655808558
[debug] [2025-02-04T07:12:22.556Z] Checked if tokens are valid: true, expires at: 1738655808558
[debug] [2025-02-04T07:12:22.556Z] Checked if tokens are valid: true, expires at: 1738655808558
[debug] [2025-02-04T07:12:22.556Z] >>> [apiv2][query] GET https://serviceusage.googleapis.com/v1/projects/otp1-69745/services/cloudfunctions.googleapis.com [none]
[debug] [2025-02-04T07:12:22.556Z] >>> [apiv2][(partial)header] GET https://serviceusage.googleapis.com/v1/projects/otp1-69745/services/cloudfunctions.googleapis.com x-goog-quota-user=projects/otp1-69745
[debug] [2025-02-04T07:12:22.558Z] >>> [apiv2][query] GET https://serviceusage.googleapis.com/v1/projects/otp1-69745/services/runtimeconfig.googleapis.com [none]
[debug] [2025-02-04T07:12:22.558Z] >>> [apiv2][(partial)header] GET https://serviceusage.googleapis.com/v1/projects/otp1-69745/services/runtimeconfig.googleapis.com x-goog-quota-user=projects/otp1-69745
[debug] [2025-02-04T07:12:24.684Z] <<< [apiv2][status] GET https://serviceusage.googleapis.com/v1/projects/otp1-69745/services/runtimeconfig.googleapis.com 200
[debug] [2025-02-04T07:12:24.685Z] <<< [apiv2][body] GET https://serviceusage.googleapis.com/v1/projects/otp1-69745/services/runtimeconfig.googleapis.com [omitted]
[debug] [2025-02-04T07:12:24.685Z] <<< [apiv2][status] GET https://serviceusage.googleapis.com/v1/projects/otp1-69745/services/cloudfunctions.googleapis.com 200
[debug] [2025-02-04T07:12:24.686Z] <<< [apiv2][body] GET https://serviceusage.googleapis.com/v1/projects/otp1-69745/services/cloudfunctions.googleapis.com [omitted]
[debug] [2025-02-04T07:12:24.686Z] Checked if tokens are valid: true, expires at: 1738655808558
[debug] [2025-02-04T07:12:24.686Z] Checked if tokens are valid: true, expires at: 1738655808558
[debug] [2025-02-04T07:12:24.686Z] >>> [apiv2][query] POST https://serviceusage.googleapis.com/v1/projects/otp1-69745/services/cloudfunctions.googleapis.com:enable [none]
[debug] [2025-02-04T07:12:24.686Z] >>> [apiv2][(partial)header] POST https://serviceusage.googleapis.com/v1/projects/otp1-69745/services/cloudfunctions.googleapis.com:enable x-goog-quota-user=projects/otp1-69745
[debug] [2025-02-04T07:12:26.592Z] <<< [apiv2][status] POST https://serviceusage.googleapis.com/v1/projects/otp1-69745/services/cloudfunctions.googleapis.com:enable 200
[debug] [2025-02-04T07:12:26.592Z] <<< [apiv2][body] POST https://serviceusage.googleapis.com/v1/projects/otp1-69745/services/cloudfunctions.googleapis.com:enable [omitted]
[debug] [2025-02-04T07:12:36.601Z] Checked if tokens are valid: true, expires at: 1738655808558
[debug] [2025-02-04T07:12:36.602Z] Checked if tokens are valid: true, expires at: 1738655808558
[debug] [2025-02-04T07:12:36.602Z] >>> [apiv2][query] GET https://serviceusage.googleapis.com/v1/projects/otp1-69745/services/cloudfunctions.googleapis.com [none]
[debug] [2025-02-04T07:12:36.602Z] >>> [apiv2][(partial)header] GET https://serviceusage.googleapis.com/v1/projects/otp1-69745/services/cloudfunctions.googleapis.com x-goog-quota-user=projects/otp1-69745
[debug] [2025-02-04T07:12:38.875Z] <<< [apiv2][status] GET https://serviceusage.googleapis.com/v1/projects/otp1-69745/services/cloudfunctions.googleapis.com 200
[debug] [2025-02-04T07:12:38.875Z] <<< [apiv2][body] GET https://serviceusage.googleapis.com/v1/projects/otp1-69745/services/cloudfunctions.googleapis.com [omitted]
[info] Let's create a new codebase for your functions.
[info] A directory corresponding to the codebase will be created in your project
[info] with sample code pre-configured.

[info] See https://firebase.google.com/docs/functions/organize-functions for
[info] more information on organizing your functions using codebases.

[info] Functions can be deployed with firebase deploy.

